<?xml version="1.0" encoding="UTF-8"?>
<!-- Generated by org.testng.reporters.JUnitReportReporter -->
<testsuite hostname="DESKTOP-UGL33HK" failures="0" tests="1" name="testLayer.B_Login_Test" time="11.459" errors="0" timestamp="2023-02-13T02:21:10 IST" skipped="0">
  <testcase classname="testLayer.B_Login_Test" name="loginTest" time="11.459"/>
  <system-out/>
</testsuite> <!-- testLayer.B_Login_Test -->
